24-Mar-2021 14:17:44.296 INFORMATION [main] org.apache.catalina.startup.VersionLoggerListener.log Server Version:        Apache Tomcat/9.0.44
24-Mar-2021 14:17:44.298 INFORMATION [main] org.apache.catalina.startup.VersionLoggerListener.log Server built:          Mar 4 2021 21:49:34 UTC
24-Mar-2021 14:17:44.299 INFORMATION [main] org.apache.catalina.startup.VersionLoggerListener.log Server version number: 9.0.44.0
24-Mar-2021 14:17:44.299 INFORMATION [main] org.apache.catalina.startup.VersionLoggerListener.log OS Name:               Windows 10
24-Mar-2021 14:17:44.299 INFORMATION [main] org.apache.catalina.startup.VersionLoggerListener.log OS Version:            10.0
24-Mar-2021 14:17:44.299 INFORMATION [main] org.apache.catalina.startup.VersionLoggerListener.log Architektur:           amd64
24-Mar-2021 14:17:44.299 INFORMATION [main] org.apache.catalina.startup.VersionLoggerListener.log Java Home:             C:\Program Files\Java\jdk1.8.0_281\jre
24-Mar-2021 14:17:44.300 INFORMATION [main] org.apache.catalina.startup.VersionLoggerListener.log JVM Version:           1.8.0_281-b09
24-Mar-2021 14:17:44.300 INFORMATION [main] org.apache.catalina.startup.VersionLoggerListener.log JVM Hersteller:        Oracle Corporation
24-Mar-2021 14:17:44.300 INFORMATION [main] org.apache.catalina.startup.VersionLoggerListener.log CATALINA_BASE:         C:\Users\samue\Desktop\Pruefungsvorbereitungssoftware\Pruefungsvorbereitungssoftware\Server\apache-tomcat-9.0.44-windows-x64\apache-tomcat-9.0.44
24-Mar-2021 14:17:44.300 INFORMATION [main] org.apache.catalina.startup.VersionLoggerListener.log CATALINA_HOME:         C:\Users\samue\Desktop\Pruefungsvorbereitungssoftware\Pruefungsvorbereitungssoftware\Server\apache-tomcat-9.0.44-windows-x64\apache-tomcat-9.0.44
24-Mar-2021 14:17:44.301 INFORMATION [main] org.apache.catalina.startup.VersionLoggerListener.log Command line argument: -Djava.util.logging.config.file=C:\Users\samue\Desktop\Pruefungsvorbereitungssoftware\Pruefungsvorbereitungssoftware\Server\apache-tomcat-9.0.44-windows-x64\apache-tomcat-9.0.44\conf\logging.properties
24-Mar-2021 14:17:44.301 INFORMATION [main] org.apache.catalina.startup.VersionLoggerListener.log Command line argument: -Djava.util.logging.manager=org.apache.juli.ClassLoaderLogManager
24-Mar-2021 14:17:44.301 INFORMATION [main] org.apache.catalina.startup.VersionLoggerListener.log Command line argument: -Djdk.tls.ephemeralDHKeySize=2048
24-Mar-2021 14:17:44.301 INFORMATION [main] org.apache.catalina.startup.VersionLoggerListener.log Command line argument: -Djava.protocol.handler.pkgs=org.apache.catalina.webresources
24-Mar-2021 14:17:44.301 INFORMATION [main] org.apache.catalina.startup.VersionLoggerListener.log Command line argument: -Dignore.endorsed.dirs=
24-Mar-2021 14:17:44.301 INFORMATION [main] org.apache.catalina.startup.VersionLoggerListener.log Command line argument: -Dcatalina.base=C:\Users\samue\Desktop\Pruefungsvorbereitungssoftware\Pruefungsvorbereitungssoftware\Server\apache-tomcat-9.0.44-windows-x64\apache-tomcat-9.0.44
24-Mar-2021 14:17:44.302 INFORMATION [main] org.apache.catalina.startup.VersionLoggerListener.log Command line argument: -Dcatalina.home=C:\Users\samue\Desktop\Pruefungsvorbereitungssoftware\Pruefungsvorbereitungssoftware\Server\apache-tomcat-9.0.44-windows-x64\apache-tomcat-9.0.44
24-Mar-2021 14:17:44.302 INFORMATION [main] org.apache.catalina.startup.VersionLoggerListener.log Command line argument: -Djava.io.tmpdir=C:\Users\samue\Desktop\Pruefungsvorbereitungssoftware\Pruefungsvorbereitungssoftware\Server\apache-tomcat-9.0.44-windows-x64\apache-tomcat-9.0.44\temp
24-Mar-2021 14:17:44.306 INFORMATION [main] org.apache.catalina.core.AprLifecycleListener.lifecycleEvent Loaded Apache Tomcat Native library [1.2.26] using APR version [1.7.0].
24-Mar-2021 14:17:44.306 INFORMATION [main] org.apache.catalina.core.AprLifecycleListener.lifecycleEvent APR capabilities: IPv6 [true], sendfile [true], accept filters [false], random [true].
24-Mar-2021 14:17:44.307 INFORMATION [main] org.apache.catalina.core.AprLifecycleListener.lifecycleEvent APR/OpenSSL configuration: useAprConnector [false], useOpenSSL [true]
24-Mar-2021 14:17:44.311 INFORMATION [main] org.apache.catalina.core.AprLifecycleListener.initializeSSL OpenSSL successfully initialized [OpenSSL 1.1.1i  8 Dec 2020]
24-Mar-2021 14:17:44.578 INFORMATION [main] org.apache.coyote.AbstractProtocol.init Initialisiere ProtocolHandler["http-nio-8080"]
24-Mar-2021 14:17:44.721 INFORMATION [main] org.apache.catalina.startup.Catalina.load Server initialization in [578] milliseconds
24-Mar-2021 14:17:44.740 INFORMATION [main] org.apache.catalina.core.StandardService.startInternal Starting service [Catalina]
24-Mar-2021 14:17:44.740 INFORMATION [main] org.apache.catalina.core.StandardEngine.startInternal Starting Servlet engine: [Apache Tomcat/9.0.44]
24-Mar-2021 14:17:44.749 INFORMATION [main] org.apache.catalina.startup.HostConfig.deployDirectory Deploye Web-Applikations-Verzeichnis [C:\Users\samue\Desktop\Pruefungsvorbereitungssoftware\Pruefungsvorbereitungssoftware\Server\apache-tomcat-9.0.44-windows-x64\apache-tomcat-9.0.44\webapps\docs]
24-Mar-2021 14:17:44.914 INFORMATION [main] org.apache.catalina.startup.HostConfig.deployDirectory Deployment of web application directory [C:\Users\samue\Desktop\Pruefungsvorbereitungssoftware\Pruefungsvorbereitungssoftware\Server\apache-tomcat-9.0.44-windows-x64\apache-tomcat-9.0.44\webapps\docs] has finished in [164] ms
24-Mar-2021 14:17:44.915 INFORMATION [main] org.apache.catalina.startup.HostConfig.deployDirectory Deploye Web-Applikations-Verzeichnis [C:\Users\samue\Desktop\Pruefungsvorbereitungssoftware\Pruefungsvorbereitungssoftware\Server\apache-tomcat-9.0.44-windows-x64\apache-tomcat-9.0.44\webapps\examples]
24-Mar-2021 14:17:45.211 INFORMATION [main] org.apache.catalina.startup.HostConfig.deployDirectory Deployment of web application directory [C:\Users\samue\Desktop\Pruefungsvorbereitungssoftware\Pruefungsvorbereitungssoftware\Server\apache-tomcat-9.0.44-windows-x64\apache-tomcat-9.0.44\webapps\examples] has finished in [296] ms
24-Mar-2021 14:17:45.212 INFORMATION [main] org.apache.catalina.startup.HostConfig.deployDirectory Deploye Web-Applikations-Verzeichnis [C:\Users\samue\Desktop\Pruefungsvorbereitungssoftware\Pruefungsvorbereitungssoftware\Server\apache-tomcat-9.0.44-windows-x64\apache-tomcat-9.0.44\webapps\host-manager]
24-Mar-2021 14:17:45.254 INFORMATION [main] org.apache.catalina.startup.HostConfig.deployDirectory Deployment of web application directory [C:\Users\samue\Desktop\Pruefungsvorbereitungssoftware\Pruefungsvorbereitungssoftware\Server\apache-tomcat-9.0.44-windows-x64\apache-tomcat-9.0.44\webapps\host-manager] has finished in [42] ms
24-Mar-2021 14:17:45.254 INFORMATION [main] org.apache.catalina.startup.HostConfig.deployDirectory Deploye Web-Applikations-Verzeichnis [C:\Users\samue\Desktop\Pruefungsvorbereitungssoftware\Pruefungsvorbereitungssoftware\Server\apache-tomcat-9.0.44-windows-x64\apache-tomcat-9.0.44\webapps\manager]
24-Mar-2021 14:17:45.297 INFORMATION [main] org.apache.catalina.startup.HostConfig.deployDirectory Deployment of web application directory [C:\Users\samue\Desktop\Pruefungsvorbereitungssoftware\Pruefungsvorbereitungssoftware\Server\apache-tomcat-9.0.44-windows-x64\apache-tomcat-9.0.44\webapps\manager] has finished in [43] ms
24-Mar-2021 14:17:45.298 INFORMATION [main] org.apache.catalina.startup.HostConfig.deployDirectory Deploye Web-Applikations-Verzeichnis [C:\Users\samue\Desktop\Pruefungsvorbereitungssoftware\Pruefungsvorbereitungssoftware\Server\apache-tomcat-9.0.44-windows-x64\apache-tomcat-9.0.44\webapps\ROOT]
24-Mar-2021 14:17:45.334 INFORMATION [main] org.apache.catalina.startup.HostConfig.deployDirectory Deployment of web application directory [C:\Users\samue\Desktop\Pruefungsvorbereitungssoftware\Pruefungsvorbereitungssoftware\Server\apache-tomcat-9.0.44-windows-x64\apache-tomcat-9.0.44\webapps\ROOT] has finished in [35] ms
24-Mar-2021 14:17:45.339 INFORMATION [main] org.apache.coyote.AbstractProtocol.start Starting ProtocolHandler ["http-nio-8080"]
24-Mar-2021 14:17:45.349 INFORMATION [main] org.apache.catalina.startup.Catalina.start Server startup in [628] milliseconds
24-Mar-2021 14:18:43.128 INFORMATION [main] org.apache.catalina.startup.VersionLoggerListener.log Server Version:        Apache Tomcat/9.0.44
24-Mar-2021 14:18:43.130 INFORMATION [main] org.apache.catalina.startup.VersionLoggerListener.log Server built:          Mar 4 2021 21:49:34 UTC
24-Mar-2021 14:18:43.131 INFORMATION [main] org.apache.catalina.startup.VersionLoggerListener.log Server version number: 9.0.44.0
24-Mar-2021 14:18:43.131 INFORMATION [main] org.apache.catalina.startup.VersionLoggerListener.log OS Name:               Windows 10
24-Mar-2021 14:18:43.131 INFORMATION [main] org.apache.catalina.startup.VersionLoggerListener.log OS Version:            10.0
24-Mar-2021 14:18:43.131 INFORMATION [main] org.apache.catalina.startup.VersionLoggerListener.log Architektur:           amd64
24-Mar-2021 14:18:43.131 INFORMATION [main] org.apache.catalina.startup.VersionLoggerListener.log Java Home:             C:\Program Files\Java\jdk1.8.0_281\jre
24-Mar-2021 14:18:43.132 INFORMATION [main] org.apache.catalina.startup.VersionLoggerListener.log JVM Version:           1.8.0_281-b09
24-Mar-2021 14:18:43.132 INFORMATION [main] org.apache.catalina.startup.VersionLoggerListener.log JVM Hersteller:        Oracle Corporation
24-Mar-2021 14:18:43.132 INFORMATION [main] org.apache.catalina.startup.VersionLoggerListener.log CATALINA_BASE:         C:\Users\samue\Desktop\Pruefungsvorbereitungssoftware\Pruefungsvorbereitungssoftware\Server\apache-tomcat-9.0.44-windows-x64\apache-tomcat-9.0.44
24-Mar-2021 14:18:43.132 INFORMATION [main] org.apache.catalina.startup.VersionLoggerListener.log CATALINA_HOME:         C:\Users\samue\Desktop\Pruefungsvorbereitungssoftware\Pruefungsvorbereitungssoftware\Server\apache-tomcat-9.0.44-windows-x64\apache-tomcat-9.0.44
24-Mar-2021 14:18:43.133 INFORMATION [main] org.apache.catalina.startup.VersionLoggerListener.log Command line argument: -Djava.util.logging.config.file=C:\Users\samue\Desktop\Pruefungsvorbereitungssoftware\Pruefungsvorbereitungssoftware\Server\apache-tomcat-9.0.44-windows-x64\apache-tomcat-9.0.44\conf\logging.properties
24-Mar-2021 14:18:43.133 INFORMATION [main] org.apache.catalina.startup.VersionLoggerListener.log Command line argument: -Djava.util.logging.manager=org.apache.juli.ClassLoaderLogManager
24-Mar-2021 14:18:43.133 INFORMATION [main] org.apache.catalina.startup.VersionLoggerListener.log Command line argument: -Djdk.tls.ephemeralDHKeySize=2048
24-Mar-2021 14:18:43.133 INFORMATION [main] org.apache.catalina.startup.VersionLoggerListener.log Command line argument: -Djava.protocol.handler.pkgs=org.apache.catalina.webresources
24-Mar-2021 14:18:43.138 INFORMATION [main] org.apache.catalina.startup.VersionLoggerListener.log Command line argument: -Dignore.endorsed.dirs=
24-Mar-2021 14:18:43.138 INFORMATION [main] org.apache.catalina.startup.VersionLoggerListener.log Command line argument: -Dcatalina.base=C:\Users\samue\Desktop\Pruefungsvorbereitungssoftware\Pruefungsvorbereitungssoftware\Server\apache-tomcat-9.0.44-windows-x64\apache-tomcat-9.0.44
24-Mar-2021 14:18:43.139 INFORMATION [main] org.apache.catalina.startup.VersionLoggerListener.log Command line argument: -Dcatalina.home=C:\Users\samue\Desktop\Pruefungsvorbereitungssoftware\Pruefungsvorbereitungssoftware\Server\apache-tomcat-9.0.44-windows-x64\apache-tomcat-9.0.44
24-Mar-2021 14:18:43.139 INFORMATION [main] org.apache.catalina.startup.VersionLoggerListener.log Command line argument: -Djava.io.tmpdir=C:\Users\samue\Desktop\Pruefungsvorbereitungssoftware\Pruefungsvorbereitungssoftware\Server\apache-tomcat-9.0.44-windows-x64\apache-tomcat-9.0.44\temp
24-Mar-2021 14:18:43.140 INFORMATION [main] org.apache.catalina.core.AprLifecycleListener.lifecycleEvent Loaded Apache Tomcat Native library [1.2.26] using APR version [1.7.0].
24-Mar-2021 14:18:43.140 INFORMATION [main] org.apache.catalina.core.AprLifecycleListener.lifecycleEvent APR capabilities: IPv6 [true], sendfile [true], accept filters [false], random [true].
24-Mar-2021 14:18:43.141 INFORMATION [main] org.apache.catalina.core.AprLifecycleListener.lifecycleEvent APR/OpenSSL configuration: useAprConnector [false], useOpenSSL [true]
24-Mar-2021 14:18:43.146 INFORMATION [main] org.apache.catalina.core.AprLifecycleListener.initializeSSL OpenSSL successfully initialized [OpenSSL 1.1.1i  8 Dec 2020]
24-Mar-2021 14:18:43.403 INFORMATION [main] org.apache.coyote.AbstractProtocol.init Initialisiere ProtocolHandler["http-nio-8080"]
24-Mar-2021 14:18:43.547 INFORMATION [main] org.apache.catalina.startup.Catalina.load Server initialization in [569] milliseconds
24-Mar-2021 14:18:43.571 INFORMATION [main] org.apache.catalina.core.StandardService.startInternal Starting service [Catalina]
24-Mar-2021 14:18:43.571 INFORMATION [main] org.apache.catalina.core.StandardEngine.startInternal Starting Servlet engine: [Apache Tomcat/9.0.44]
24-Mar-2021 14:18:43.578 INFORMATION [main] org.apache.catalina.startup.HostConfig.deployDirectory Deploye Web-Applikations-Verzeichnis [C:\Users\samue\Desktop\Pruefungsvorbereitungssoftware\Pruefungsvorbereitungssoftware\Server\apache-tomcat-9.0.44-windows-x64\apache-tomcat-9.0.44\webapps\docs]
24-Mar-2021 14:18:43.754 INFORMATION [main] org.apache.catalina.startup.HostConfig.deployDirectory Deployment of web application directory [C:\Users\samue\Desktop\Pruefungsvorbereitungssoftware\Pruefungsvorbereitungssoftware\Server\apache-tomcat-9.0.44-windows-x64\apache-tomcat-9.0.44\webapps\docs] has finished in [175] ms
24-Mar-2021 14:18:43.755 INFORMATION [main] org.apache.catalina.startup.HostConfig.deployDirectory Deploye Web-Applikations-Verzeichnis [C:\Users\samue\Desktop\Pruefungsvorbereitungssoftware\Pruefungsvorbereitungssoftware\Server\apache-tomcat-9.0.44-windows-x64\apache-tomcat-9.0.44\webapps\examples]
24-Mar-2021 14:18:44.049 INFORMATION [main] org.apache.catalina.startup.HostConfig.deployDirectory Deployment of web application directory [C:\Users\samue\Desktop\Pruefungsvorbereitungssoftware\Pruefungsvorbereitungssoftware\Server\apache-tomcat-9.0.44-windows-x64\apache-tomcat-9.0.44\webapps\examples] has finished in [295] ms
24-Mar-2021 14:18:44.049 INFORMATION [main] org.apache.catalina.startup.HostConfig.deployDirectory Deploye Web-Applikations-Verzeichnis [C:\Users\samue\Desktop\Pruefungsvorbereitungssoftware\Pruefungsvorbereitungssoftware\Server\apache-tomcat-9.0.44-windows-x64\apache-tomcat-9.0.44\webapps\host-manager]
24-Mar-2021 14:18:44.079 INFORMATION [main] org.apache.catalina.startup.HostConfig.deployDirectory Deployment of web application directory [C:\Users\samue\Desktop\Pruefungsvorbereitungssoftware\Pruefungsvorbereitungssoftware\Server\apache-tomcat-9.0.44-windows-x64\apache-tomcat-9.0.44\webapps\host-manager] has finished in [30] ms
24-Mar-2021 14:18:44.079 INFORMATION [main] org.apache.catalina.startup.HostConfig.deployDirectory Deploye Web-Applikations-Verzeichnis [C:\Users\samue\Desktop\Pruefungsvorbereitungssoftware\Pruefungsvorbereitungssoftware\Server\apache-tomcat-9.0.44-windows-x64\apache-tomcat-9.0.44\webapps\manager]
24-Mar-2021 14:18:44.103 INFORMATION [main] org.apache.catalina.startup.HostConfig.deployDirectory Deployment of web application directory [C:\Users\samue\Desktop\Pruefungsvorbereitungssoftware\Pruefungsvorbereitungssoftware\Server\apache-tomcat-9.0.44-windows-x64\apache-tomcat-9.0.44\webapps\manager] has finished in [24] ms
24-Mar-2021 14:18:44.104 INFORMATION [main] org.apache.catalina.startup.HostConfig.deployDirectory Deploye Web-Applikations-Verzeichnis [C:\Users\samue\Desktop\Pruefungsvorbereitungssoftware\Pruefungsvorbereitungssoftware\Server\apache-tomcat-9.0.44-windows-x64\apache-tomcat-9.0.44\webapps\ROOT]
24-Mar-2021 14:18:44.124 INFORMATION [main] org.apache.catalina.startup.HostConfig.deployDirectory Deployment of web application directory [C:\Users\samue\Desktop\Pruefungsvorbereitungssoftware\Pruefungsvorbereitungssoftware\Server\apache-tomcat-9.0.44-windows-x64\apache-tomcat-9.0.44\webapps\ROOT] has finished in [20] ms
24-Mar-2021 14:18:44.127 INFORMATION [main] org.apache.coyote.AbstractProtocol.start Starting ProtocolHandler ["http-nio-8080"]
24-Mar-2021 14:18:44.134 INFORMATION [main] org.apache.catalina.startup.Catalina.start Server startup in [586] milliseconds
24-Mar-2021 14:21:44.324 INFORMATION [Catalina-utility-2] org.apache.catalina.users.MemoryUserDatabase.backgroundProcess Reloading memory user database [UserDatabase] from updated source [file:/C:/Users/samue/Desktop/Pruefungsvorbereitungssoftware/Pruefungsvorbereitungssoftware/Server/apache-tomcat-9.0.44-windows-x64/apache-tomcat-9.0.44/conf/tomcat-users.xml]
24-Mar-2021 14:22:04.358 INFORMATION [Catalina-utility-1] org.apache.catalina.users.MemoryUserDatabase.backgroundProcess Reloading memory user database [UserDatabase] from updated source [file:/C:/Users/samue/Desktop/Pruefungsvorbereitungssoftware/Pruefungsvorbereitungssoftware/Server/apache-tomcat-9.0.44-windows-x64/apache-tomcat-9.0.44/conf/tomcat-users.xml]
24-Mar-2021 14:22:04.361 INFORMATION [Catalina-utility-1] org.apache.catalina.startup.HostConfig.undeploy Undeploying context []
24-Mar-2021 14:22:04.374 INFORMATION [Catalina-utility-1] org.apache.catalina.startup.HostConfig.undeploy Undeploying context [/examples]
24-Mar-2021 14:22:04.378 INFORMATION [Catalina-utility-1] org.apache.catalina.startup.HostConfig.undeploy Undeploying context [/host-manager]
24-Mar-2021 14:22:04.382 INFORMATION [Catalina-utility-1] org.apache.catalina.startup.HostConfig.undeploy Undeploying context [/manager]
24-Mar-2021 14:22:04.389 INFORMATION [Catalina-utility-1] org.apache.catalina.startup.HostConfig.undeploy Undeploying context [/docs]
24-Mar-2021 14:22:04.392 INFORMATION [Catalina-utility-1] org.apache.catalina.startup.HostConfig.deployDirectory Deploye Web-Applikations-Verzeichnis [C:\Users\samue\Desktop\Pruefungsvorbereitungssoftware\Pruefungsvorbereitungssoftware\Server\apache-tomcat-9.0.44-windows-x64\apache-tomcat-9.0.44\webapps\docs]
24-Mar-2021 14:22:04.421 INFORMATION [Catalina-utility-1] org.apache.catalina.startup.HostConfig.deployDirectory Deployment of web application directory [C:\Users\samue\Desktop\Pruefungsvorbereitungssoftware\Pruefungsvorbereitungssoftware\Server\apache-tomcat-9.0.44-windows-x64\apache-tomcat-9.0.44\webapps\docs] has finished in [29] ms
24-Mar-2021 14:22:04.421 INFORMATION [Catalina-utility-1] org.apache.catalina.startup.HostConfig.deployDirectory Deploye Web-Applikations-Verzeichnis [C:\Users\samue\Desktop\Pruefungsvorbereitungssoftware\Pruefungsvorbereitungssoftware\Server\apache-tomcat-9.0.44-windows-x64\apache-tomcat-9.0.44\webapps\examples]
24-Mar-2021 14:22:04.698 INFORMATION [Catalina-utility-1] org.apache.catalina.startup.HostConfig.deployDirectory Deployment of web application directory [C:\Users\samue\Desktop\Pruefungsvorbereitungssoftware\Pruefungsvorbereitungssoftware\Server\apache-tomcat-9.0.44-windows-x64\apache-tomcat-9.0.44\webapps\examples] has finished in [277] ms
24-Mar-2021 14:22:04.698 INFORMATION [Catalina-utility-1] org.apache.catalina.startup.HostConfig.deployDirectory Deploye Web-Applikations-Verzeichnis [C:\Users\samue\Desktop\Pruefungsvorbereitungssoftware\Pruefungsvorbereitungssoftware\Server\apache-tomcat-9.0.44-windows-x64\apache-tomcat-9.0.44\webapps\host-manager]
24-Mar-2021 14:22:04.721 INFORMATION [Catalina-utility-1] org.apache.catalina.startup.HostConfig.deployDirectory Deployment of web application directory [C:\Users\samue\Desktop\Pruefungsvorbereitungssoftware\Pruefungsvorbereitungssoftware\Server\apache-tomcat-9.0.44-windows-x64\apache-tomcat-9.0.44\webapps\host-manager] has finished in [23] ms
24-Mar-2021 14:22:04.722 INFORMATION [Catalina-utility-1] org.apache.catalina.startup.HostConfig.deployDirectory Deploye Web-Applikations-Verzeichnis [C:\Users\samue\Desktop\Pruefungsvorbereitungssoftware\Pruefungsvorbereitungssoftware\Server\apache-tomcat-9.0.44-windows-x64\apache-tomcat-9.0.44\webapps\manager]
24-Mar-2021 14:22:04.745 INFORMATION [Catalina-utility-1] org.apache.catalina.startup.HostConfig.deployDirectory Deployment of web application directory [C:\Users\samue\Desktop\Pruefungsvorbereitungssoftware\Pruefungsvorbereitungssoftware\Server\apache-tomcat-9.0.44-windows-x64\apache-tomcat-9.0.44\webapps\manager] has finished in [23] ms
24-Mar-2021 14:22:04.745 INFORMATION [Catalina-utility-1] org.apache.catalina.startup.HostConfig.deployDirectory Deploye Web-Applikations-Verzeichnis [C:\Users\samue\Desktop\Pruefungsvorbereitungssoftware\Pruefungsvorbereitungssoftware\Server\apache-tomcat-9.0.44-windows-x64\apache-tomcat-9.0.44\webapps\ROOT]
24-Mar-2021 14:22:04.762 INFORMATION [Catalina-utility-1] org.apache.catalina.startup.HostConfig.deployDirectory Deployment of web application directory [C:\Users\samue\Desktop\Pruefungsvorbereitungssoftware\Pruefungsvorbereitungssoftware\Server\apache-tomcat-9.0.44-windows-x64\apache-tomcat-9.0.44\webapps\ROOT] has finished in [17] ms
24-Mar-2021 14:22:16.927 INFORMATION [main] org.apache.catalina.startup.VersionLoggerListener.log Server Version:        Apache Tomcat/9.0.44
24-Mar-2021 14:22:16.930 INFORMATION [main] org.apache.catalina.startup.VersionLoggerListener.log Server built:          Mar 4 2021 21:49:34 UTC
24-Mar-2021 14:22:16.930 INFORMATION [main] org.apache.catalina.startup.VersionLoggerListener.log Server version number: 9.0.44.0
24-Mar-2021 14:22:16.930 INFORMATION [main] org.apache.catalina.startup.VersionLoggerListener.log OS Name:               Windows 10
24-Mar-2021 14:22:16.930 INFORMATION [main] org.apache.catalina.startup.VersionLoggerListener.log OS Version:            10.0
24-Mar-2021 14:22:16.931 INFORMATION [main] org.apache.catalina.startup.VersionLoggerListener.log Architektur:           amd64
24-Mar-2021 14:22:16.931 INFORMATION [main] org.apache.catalina.startup.VersionLoggerListener.log Java Home:             C:\Program Files\Java\jdk1.8.0_281\jre
24-Mar-2021 14:22:16.931 INFORMATION [main] org.apache.catalina.startup.VersionLoggerListener.log JVM Version:           1.8.0_281-b09
24-Mar-2021 14:22:16.931 INFORMATION [main] org.apache.catalina.startup.VersionLoggerListener.log JVM Hersteller:        Oracle Corporation
24-Mar-2021 14:22:16.931 INFORMATION [main] org.apache.catalina.startup.VersionLoggerListener.log CATALINA_BASE:         C:\Users\samue\Desktop\Pruefungsvorbereitungssoftware\Pruefungsvorbereitungssoftware\Server\apache-tomcat-9.0.44-windows-x64\apache-tomcat-9.0.44
24-Mar-2021 14:22:16.931 INFORMATION [main] org.apache.catalina.startup.VersionLoggerListener.log CATALINA_HOME:         C:\Users\samue\Desktop\Pruefungsvorbereitungssoftware\Pruefungsvorbereitungssoftware\Server\apache-tomcat-9.0.44-windows-x64\apache-tomcat-9.0.44
24-Mar-2021 14:22:16.931 INFORMATION [main] org.apache.catalina.startup.VersionLoggerListener.log Command line argument: -Djava.util.logging.config.file=C:\Users\samue\Desktop\Pruefungsvorbereitungssoftware\Pruefungsvorbereitungssoftware\Server\apache-tomcat-9.0.44-windows-x64\apache-tomcat-9.0.44\conf\logging.properties
24-Mar-2021 14:22:16.931 INFORMATION [main] org.apache.catalina.startup.VersionLoggerListener.log Command line argument: -Djava.util.logging.manager=org.apache.juli.ClassLoaderLogManager
24-Mar-2021 14:22:16.931 INFORMATION [main] org.apache.catalina.startup.VersionLoggerListener.log Command line argument: -Djdk.tls.ephemeralDHKeySize=2048
24-Mar-2021 14:22:16.932 INFORMATION [main] org.apache.catalina.startup.VersionLoggerListener.log Command line argument: -Djava.protocol.handler.pkgs=org.apache.catalina.webresources
24-Mar-2021 14:22:16.935 INFORMATION [main] org.apache.catalina.startup.VersionLoggerListener.log Command line argument: -Dignore.endorsed.dirs=
24-Mar-2021 14:22:16.935 INFORMATION [main] org.apache.catalina.startup.VersionLoggerListener.log Command line argument: -Dcatalina.base=C:\Users\samue\Desktop\Pruefungsvorbereitungssoftware\Pruefungsvorbereitungssoftware\Server\apache-tomcat-9.0.44-windows-x64\apache-tomcat-9.0.44
24-Mar-2021 14:22:16.935 INFORMATION [main] org.apache.catalina.startup.VersionLoggerListener.log Command line argument: -Dcatalina.home=C:\Users\samue\Desktop\Pruefungsvorbereitungssoftware\Pruefungsvorbereitungssoftware\Server\apache-tomcat-9.0.44-windows-x64\apache-tomcat-9.0.44
24-Mar-2021 14:22:16.936 INFORMATION [main] org.apache.catalina.startup.VersionLoggerListener.log Command line argument: -Djava.io.tmpdir=C:\Users\samue\Desktop\Pruefungsvorbereitungssoftware\Pruefungsvorbereitungssoftware\Server\apache-tomcat-9.0.44-windows-x64\apache-tomcat-9.0.44\temp
24-Mar-2021 14:22:16.938 INFORMATION [main] org.apache.catalina.core.AprLifecycleListener.lifecycleEvent Loaded Apache Tomcat Native library [1.2.26] using APR version [1.7.0].
24-Mar-2021 14:22:16.938 INFORMATION [main] org.apache.catalina.core.AprLifecycleListener.lifecycleEvent APR capabilities: IPv6 [true], sendfile [true], accept filters [false], random [true].
24-Mar-2021 14:22:16.938 INFORMATION [main] org.apache.catalina.core.AprLifecycleListener.lifecycleEvent APR/OpenSSL configuration: useAprConnector [false], useOpenSSL [true]
24-Mar-2021 14:22:16.943 INFORMATION [main] org.apache.catalina.core.AprLifecycleListener.initializeSSL OpenSSL successfully initialized [OpenSSL 1.1.1i  8 Dec 2020]
24-Mar-2021 14:22:17.196 INFORMATION [main] org.apache.coyote.AbstractProtocol.init Initialisiere ProtocolHandler["http-nio-8080"]
24-Mar-2021 14:22:17.328 INFORMATION [main] org.apache.catalina.startup.Catalina.load Server initialization in [566] milliseconds
24-Mar-2021 14:22:17.344 INFORMATION [main] org.apache.catalina.core.StandardService.startInternal Starting service [Catalina]
24-Mar-2021 14:22:17.344 INFORMATION [main] org.apache.catalina.core.StandardEngine.startInternal Starting Servlet engine: [Apache Tomcat/9.0.44]
24-Mar-2021 14:22:17.360 INFORMATION [main] org.apache.catalina.startup.HostConfig.deployDirectory Deploye Web-Applikations-Verzeichnis [C:\Users\samue\Desktop\Pruefungsvorbereitungssoftware\Pruefungsvorbereitungssoftware\Server\apache-tomcat-9.0.44-windows-x64\apache-tomcat-9.0.44\webapps\docs]
24-Mar-2021 14:22:17.538 INFORMATION [main] org.apache.catalina.startup.HostConfig.deployDirectory Deployment of web application directory [C:\Users\samue\Desktop\Pruefungsvorbereitungssoftware\Pruefungsvorbereitungssoftware\Server\apache-tomcat-9.0.44-windows-x64\apache-tomcat-9.0.44\webapps\docs] has finished in [177] ms
24-Mar-2021 14:22:17.539 INFORMATION [main] org.apache.catalina.startup.HostConfig.deployDirectory Deploye Web-Applikations-Verzeichnis [C:\Users\samue\Desktop\Pruefungsvorbereitungssoftware\Pruefungsvorbereitungssoftware\Server\apache-tomcat-9.0.44-windows-x64\apache-tomcat-9.0.44\webapps\examples]
24-Mar-2021 14:22:17.873 INFORMATION [main] org.apache.catalina.startup.HostConfig.deployDirectory Deployment of web application directory [C:\Users\samue\Desktop\Pruefungsvorbereitungssoftware\Pruefungsvorbereitungssoftware\Server\apache-tomcat-9.0.44-windows-x64\apache-tomcat-9.0.44\webapps\examples] has finished in [334] ms
24-Mar-2021 14:22:17.874 INFORMATION [main] org.apache.catalina.startup.HostConfig.deployDirectory Deploye Web-Applikations-Verzeichnis [C:\Users\samue\Desktop\Pruefungsvorbereitungssoftware\Pruefungsvorbereitungssoftware\Server\apache-tomcat-9.0.44-windows-x64\apache-tomcat-9.0.44\webapps\host-manager]
24-Mar-2021 14:22:17.915 INFORMATION [main] org.apache.catalina.startup.HostConfig.deployDirectory Deployment of web application directory [C:\Users\samue\Desktop\Pruefungsvorbereitungssoftware\Pruefungsvorbereitungssoftware\Server\apache-tomcat-9.0.44-windows-x64\apache-tomcat-9.0.44\webapps\host-manager] has finished in [41] ms
24-Mar-2021 14:22:17.916 INFORMATION [main] org.apache.catalina.startup.HostConfig.deployDirectory Deploye Web-Applikations-Verzeichnis [C:\Users\samue\Desktop\Pruefungsvorbereitungssoftware\Pruefungsvorbereitungssoftware\Server\apache-tomcat-9.0.44-windows-x64\apache-tomcat-9.0.44\webapps\manager]
24-Mar-2021 14:22:17.945 INFORMATION [main] org.apache.catalina.startup.HostConfig.deployDirectory Deployment of web application directory [C:\Users\samue\Desktop\Pruefungsvorbereitungssoftware\Pruefungsvorbereitungssoftware\Server\apache-tomcat-9.0.44-windows-x64\apache-tomcat-9.0.44\webapps\manager] has finished in [29] ms
24-Mar-2021 14:22:17.945 INFORMATION [main] org.apache.catalina.startup.HostConfig.deployDirectory Deploye Web-Applikations-Verzeichnis [C:\Users\samue\Desktop\Pruefungsvorbereitungssoftware\Pruefungsvorbereitungssoftware\Server\apache-tomcat-9.0.44-windows-x64\apache-tomcat-9.0.44\webapps\ROOT]
24-Mar-2021 14:22:17.972 INFORMATION [main] org.apache.catalina.startup.HostConfig.deployDirectory Deployment of web application directory [C:\Users\samue\Desktop\Pruefungsvorbereitungssoftware\Pruefungsvorbereitungssoftware\Server\apache-tomcat-9.0.44-windows-x64\apache-tomcat-9.0.44\webapps\ROOT] has finished in [27] ms
24-Mar-2021 14:22:17.977 INFORMATION [main] org.apache.coyote.AbstractProtocol.start Starting ProtocolHandler ["http-nio-8080"]
24-Mar-2021 14:22:17.987 INFORMATION [main] org.apache.catalina.startup.Catalina.start Server startup in [646] milliseconds
